[ 50%] [32mBuilding CXX object CMakeFiles/led_interface_cpp.dir/src/led_interface.cpp.o[0m
[01m[K/home/vivit/Projects/smr_tutorial/src/led_interface_cpp/src/led_interface.cpp:[m[K In member function â€˜[01m[Kvoid LedInterface::[01;32m[Kcallback[m[K(std_msgs::msg::Bool_<std::allocator<void> >::SharedPtr)[m[Kâ€™:
[01m[K/home/vivit/Projects/smr_tutorial/src/led_interface_cpp/src/led_interface.cpp:49:50:[m[K [01;31m[Kerror: [m[Kexpected unqualified-id before â€˜[01m[K&[m[Kâ€™ token
   49 |             } catch (const LibSerial::WriteFailed[01;31m[K&[m[K) {
      |                                                  [01;31m[K^[m[K
[01m[K/home/vivit/Projects/smr_tutorial/src/led_interface_cpp/src/led_interface.cpp:49:50:[m[K [01;31m[Kerror: [m[Kexpected â€˜[01m[K)[m[Kâ€™ before â€˜[01m[K&[m[Kâ€™ token
[01m[K/home/vivit/Projects/smr_tutorial/src/led_interface_cpp/src/led_interface.cpp:49:21:[m[K [01;36m[Knote: [m[Kto match this â€˜[01m[K([m[Kâ€™
   49 |             } catch [01;36m[K([m[Kconst LibSerial::WriteFailed&) {
      |                     [01;36m[K^[m[K
[01m[K/home/vivit/Projects/smr_tutorial/src/led_interface_cpp/src/led_interface.cpp:49:50:[m[K [01;31m[Kerror: [m[Kexpected â€˜[01m[K{[m[Kâ€™ before â€˜[01m[K&[m[Kâ€™ token
   49 |             } catch (const LibSerial::WriteFailed[01;31m[K&[m[K) {
      |                                                  [01;31m[K^[m[K
[01m[K/home/vivit/Projects/smr_tutorial/src/led_interface_cpp/src/led_interface.cpp:49:51:[m[K [01;31m[Kerror: [m[Kexpected primary-expression before â€˜[01m[K)[m[Kâ€™ token
   49 |             } catch (const LibSerial::WriteFailed&[01;31m[K)[m[K {
      |                                                   [01;31m[K^[m[K
gmake[2]: *** [CMakeFiles/led_interface_cpp.dir/build.make:76: CMakeFiles/led_interface_cpp.dir/src/led_interface.cpp.o] Error 1
gmake[1]: *** [CMakeFiles/Makefile2:137: CMakeFiles/led_interface_cpp.dir/all] Error 2
gmake: *** [Makefile:146: all] Error 2
